<?xml version="1.0" encoding="UTF-8"?>
<testsuite xmlns:xsi="http://www.w3.org/2001/XMLSchema-instance" xsi:noNamespaceSchemaLocation="https://maven.apache.org/surefire/maven-surefire-plugin/xsd/surefire-test-report-3.0.xsd" version="3.0" name="com.activeai.cucu_mvn.TestRunner" time="10.755" tests="11" errors="0" skipped="0" failures="0">
  <properties>
[...]
</properties>
  <testcase name="Given Open Browser" classname="Scenario: Verify Successful Login" time="0.001"/>
  <testcase name="Then enter the url as &quot;https://admin20m.active.ai/&quot;" classname="Scenario: Verify Successful Login" time="0"/>
  <testcase name="When workspaces login page is displayed" classname="Scenario: Verify Successful Login" time="0.002"/>
  <testcase name="Then username field is visible" classname="Scenario: Verify Successful Login" time="0"/>
  <testcase name="And password field is visible" classname="Scenario: Verify Successful Login" time="0"/>
  <testcase name="Then enter the username as &quot;morfeus@active.ai&quot; and password as &quot;m0rFeu5&quot;" classname="Scenario: Verify Successful Login" time="0"/>
  <testcase name="And click on the login button" classname="Scenario: Verify Successful Login" time="0.001"/>
  <testcase name="And observe login success message is displayed" classname="Scenario: Verify Successful Login" time="0"/>
  <testcase name="And click on the logout button" classname="Scenario: Verify Successful Login" time="0"/>
  <testcase name="And close Browser" classname="Scenario: Verify Successful Login" time="0"/>
  <testcase name="" classname="Scenario: Verify Successful Login" time="0"/>
</testsuite>